# JRE version: OpenJDK Runtime Environment (17.0.6) (build 17.0.6+0-b2043.56-9586694)
# Java VM: OpenJDK 64-Bit Server VM (17.0.6+0-b2043.56-9586694, mixed mode, tiered, compressed oops, compressed class ptrs, g1 gc, windows-amd64)
GC Precious Log:
 CPUs: 8 total, 8 available
 Memory: 8039M
 Large Page Support: Disabled
 NUMA Support: Disabled
 Compressed Oops: Enabled (32-bit)
 Heap Region Size: 1M
 Heap Min Capacity: 8M
 Heap Initial Capacity: 126M
 Heap Max Capacity: 2G
 Pre-touch: Disabled
 Parallel Workers: 8
 Concurrent Workers: 2
 Concurrent Refinement Workers: 8
 Periodic GC: Disabled
Heap:
 garbage-first heap   total 368640K, used 214973K [0x0000000080000000, 0x0000000100000000)
  region size 1024K, 2 young (2048K), 2 survivors (2048K)
 Metaspace       used 122555K, committed 123456K, reserved 1163264K
  class space    used 16290K, committed 16704K, reserved 1048576K
GC Heap History (20 events):
Event: 19.026 GC heap after
{Heap after GC invocations=52 (full 0):
 garbage-first heap   total 306176K, used 148806K [0x0000000080000000, 0x0000000100000000)
  region size 1024K, 2 young (2048K), 2 survivors (2048K)
 Metaspace       used 96788K, committed 97536K, reserved 1138688K
  class space    used 13104K, committed 13440K, reserved 1048576K
}
Event: 19.893 GC heap before
{Heap before GC invocations=52 (full 0):
 garbage-first heap   total 306176K, used 208198K [0x0000000080000000, 0x0000000100000000)
  region size 1024K, 61 young (62464K), 2 survivors (2048K)
 Metaspace       used 102813K, committed 103488K, reserved 1138688K
  class space    used 13823K, committed 14144K, reserved 1048576K
}
Event: 19.900 GC heap after
{Heap after GC invocations=53 (full 0):
 garbage-first heap   total 306176K, used 153757K [0x0000000080000000, 0x0000000100000000)
  region size 1024K, 7 young (7168K), 7 survivors (7168K)
 Metaspace       used 102813K, committed 103488K, reserved 1138688K
  class space    used 13823K, committed 14144K, reserved 1048576K
}
Event: 21.287 GC heap before
{Heap before GC invocations=54 (full 0):
 garbage-first heap   total 306176K, used 278685K [0x0000000080000000, 0x0000000100000000)
  region size 1024K, 100 young (102400K), 7 survivors (7168K)
 Metaspace       used 112421K, committed 113216K, reserved 1146880K
  class space    used 15144K, committed 15552K, reserved 1048576K
}
Event: 21.297 GC heap after
{Heap after GC invocations=55 (full 0):
 garbage-first heap   total 306176K, used 193204K [0x0000000080000000, 0x0000000100000000)
  region size 1024K, 13 young (13312K), 13 survivors (13312K)
 Metaspace       used 112421K, committed 113216K, reserved 1146880K
  class space    used 15144K, committed 15552K, reserved 1048576K
}
Event: 21.309 GC heap before
{Heap before GC invocations=55 (full 0):
 garbage-first heap   total 306176K, used 194228K [0x0000000080000000, 0x0000000100000000)
  region size 1024K, 14 young (14336K), 13 survivors (13312K)
 Metaspace       used 112560K, committed 113344K, reserved 1146880K
  class space    used 15166K, committed 15552K, reserved 1048576K
}
Event: 21.317 GC heap after
{Heap after GC invocations=56 (full 0):
 garbage-first heap   total 306176K, used 195054K [0x0000000080000000, 0x0000000100000000)
  region size 1024K, 2 young (2048K), 2 survivors (2048K)
 Metaspace       used 112560K, committed 113344K, reserved 1146880K
  class space    used 15166K, committed 15552K, reserved 1048576K
}
Event: 27.342 GC heap before
{Heap before GC invocations=56 (full 0):
 garbage-first heap   total 306176K, used 256494K [0x0000000080000000, 0x0000000100000000)
  region size 1024K, 63 young (64512K), 2 survivors (2048K)
 Metaspace       used 120349K, committed 121216K, reserved 1155072K
  class space    used 16119K, committed 16512K, reserved 1048576K
}
Event: 27.349 GC heap after
{Heap after GC invocations=57 (full 0):
 garbage-first heap   total 306176K, used 199764K [0x0000000080000000, 0x0000000100000000)
  region size 1024K, 7 young (7168K), 7 survivors (7168K)
 Metaspace       used 120349K, committed 121216K, reserved 1155072K
  class space    used 16119K, committed 16512K, reserved 1048576K
}
Event: 41.639 GC heap before
{Heap before GC invocations=58 (full 0):
 garbage-first heap   total 342016K, used 254036K [0x0000000080000000, 0x0000000100000000)
  region size 1024K, 60 young (61440K), 7 survivors (7168K)
 Metaspace       used 121340K, committed 122240K, reserved 1155072K
  class space    used 16149K, committed 16576K, reserved 1048576K
}
Event: 41.646 GC heap after
{Heap after GC invocations=59 (full 0):
 garbage-first heap   total 342016K, used 203732K [0x0000000080000000, 0x0000000100000000)
  region size 1024K, 5 young (5120K), 5 survivors (5120K)
 Metaspace       used 121340K, committed 122240K, reserved 1155072K
  class space    used 16149K, committed 16576K, reserved 1048576K
}
Event: 41.714 GC heap before
{Heap before GC invocations=59 (full 0):
 garbage-first heap   total 342016K, used 213972K [0x0000000080000000, 0x0000000100000000)
  region size 1024K, 16 young (16384K), 5 survivors (5120K)
 Metaspace       used 121451K, committed 122304K, reserved 1155072K
  class space    used 16164K, committed 16576K, reserved 1048576K
}
Event: 41.719 GC heap after
{Heap after GC invocations=60 (full 0):
 garbage-first heap   total 342016K, used 205039K [0x0000000080000000, 0x0000000100000000)
  region size 1024K, 2 young (2048K), 2 survivors (2048K)
 Metaspace       used 121451K, committed 122304K, reserved 1155072K
  class space    used 16164K, committed 16576K, reserved 1048576K
}
Event: 41.929 GC heap before
{Heap before GC invocations=60 (full 0):
 garbage-first heap   total 342016K, used 224495K [0x0000000080000000, 0x0000000100000000)
  region size 1024K, 23 young (23552K), 2 survivors (2048K)
 Metaspace       used 121701K, committed 122560K, reserved 1155072K
  class space    used 16195K, committed 16576K, reserved 1048576K
}
Event: 41.932 GC heap after
{Heap after GC invocations=61 (full 0):
 garbage-first heap   total 342016K, used 206043K [0x0000000080000000, 0x0000000100000000)
  region size 1024K, 3 young (3072K), 3 survivors (3072K)
 Metaspace       used 121701K, committed 122560K, reserved 1155072K
  class space    used 16195K, committed 16576K, reserved 1048576K
}
Event: 42.668 GC heap before
{Heap before GC invocations=62 (full 0):
 garbage-first heap   total 368640K, used 290011K [0x0000000080000000, 0x0000000100000000)
  region size 1024K, 81 young (82944K), 3 survivors (3072K)
 Metaspace       used 122450K, committed 123328K, reserved 1163264K
  class space    used 16290K, committed 16704K, reserved 1048576K
}
Event: 42.683 GC heap after
{Heap after GC invocations=63 (full 0):
 garbage-first heap   total 368640K, used 214399K [0x0000000080000000, 0x0000000100000000)
  region size 1024K, 11 young (11264K), 11 survivors (11264K)
 Metaspace       used 122450K, committed 123328K, reserved 1163264K
  class space    used 16290K, committed 16704K, reserved 1048576K
}
Event: 42.705 GC heap before
{Heap before GC invocations=63 (full 0):
 garbage-first heap   total 368640K, used 220543K [0x0000000080000000, 0x0000000100000000)
  region size 1024K, 18 young (18432K), 11 survivors (11264K)
 Metaspace       used 122463K, committed 123328K, reserved 1163264K
  class space    used 16290K, committed 16704K, reserved 1048576K
}
Event: 42.713 GC heap after
{Heap after GC invocations=64 (full 0):
 garbage-first heap   total 368640K, used 215788K [0x0000000080000000, 0x0000000100000000)
  region size 1024K, 2 young (2048K), 2 survivors (2048K)
 Metaspace       used 122463K, committed 123328K, reserved 1163264K
  class space    used 16290K, committed 16704K, reserved 1048576K
}
Event: 42.830 GC heap before
{Heap before GC invocations=64 (full 0):
 garbage-first heap   total 368640K, used 270060K [0x0000000080000000, 0x0000000100000000)
  region size 1024K, 56 young (57344K), 2 survivors (2048K)
 Metaspace       used 122555K, committed 123456K, reserved 1163264K
  class space    used 16290K, committed 16704K, reserved 1048576K
}

